# JRE version: Java(TM) SE Runtime Environment (8.0_51-b16) (build 1.8.0_51-b16)
# Java VM: Java HotSpot(TM) 64-Bit Server VM (25.51-b03 mixed mode windows-amd64 compressed oops)
Heap:
 PSYoungGen      total 2969088K, used 2101118K [0x00000006f0600000, 0x00000007c0000000, 0x00000007c0000000)
  eden space 2536448K, 75% used [0x00000006f0600000,0x0000000765f037b8,0x000000078b300000)
  from space 432640K, 40% used [0x000000078b300000,0x0000000795ddc410,0x00000007a5980000)
  to   space 432640K, 0% used [0x00000007a5980000,0x00000007a5980000,0x00000007c0000000)
 ParOldGen       total 1495040K, used 998555K [0x0000000551200000, 0x00000005ac600000, 0x00000006f0600000)
  object space 1495040K, 66% used [0x0000000551200000,0x000000058e126d70,0x00000005ac600000)
 Metaspace       used 157552K, capacity 161061K, committed 161240K, reserved 1183744K
  class space    used 26653K, capacity 27603K, committed 27608K, reserved 1048576K
GC Heap History (10 events):
Event: 55.872 GC heap before
{Heap before GC invocations=27 (full 5):
 PSYoungGen      total 2871296K, used 2871194K [0x00000006f0600000, 0x00000007bf280000, 0x00000007c0000000)
  eden space 2791424K, 100% used [0x00000006f0600000,0x000000079ac00000,0x000000079ac00000)
  from space 79872K, 99% used [0x000000079ac00000,0x000000079f9e69d8,0x000000079fa00000)
  to   space 295936K, 0% used [0x00000007ad180000,0x00000007ad180000,0x00000007bf280000)
 ParOldGen       total 993280K, used 642480K [0x0000000551200000, 0x000000058dc00000, 0x00000006f0600000)
  object space 993280K, 64% used [0x0000000551200000,0x000000057856c108,0x000000058dc00000)
 Metaspace       used 154158K, capacity 157247K, committed 157528K, reserved 1179648K
  class space    used 26277K, capacity 27158K, committed 27224K, reserved 1048576K
Event: 55.932 GC heap after
Heap after GC invocations=27 (full 5):
 PSYoungGen      total 3088384K, used 179759K [0x00000006f0600000, 0x00000007c0000000, 0x00000007c0000000)
  eden space 2792448K, 0% used [0x00000006f0600000,0x00000006f0600000,0x000000079ad00000)
  from space 295936K, 60% used [0x00000007ad180000,0x00000007b810bc88,0x00000007bf280000)
  to   space 299520K, 0% used [0x000000079ad00000,0x000000079ad00000,0x00000007ad180000)
 ParOldGen       total 993280K, used 642488K [0x0000000551200000, 0x000000058dc00000, 0x00000006f0600000)
  object space 993280K, 64% used [0x0000000551200000,0x000000057856e108,0x000000058dc00000)
 Metaspace       used 154158K, capacity 157247K, committed 157528K, reserved 1179648K
  class space    used 26277K, capacity 27158K, committed 27224K, reserved 1048576K
}
Event: 60.916 GC heap before
{Heap before GC invocations=28 (full 5):
 PSYoungGen      total 3088384K, used 2972207K [0x00000006f0600000, 0x00000007c0000000, 0x00000007c0000000)
  eden space 2792448K, 100% used [0x00000006f0600000,0x000000079ad00000,0x000000079ad00000)
  from space 295936K, 60% used [0x00000007ad180000,0x00000007b810bc88,0x00000007bf280000)
  to   space 299520K, 0% used [0x000000079ad00000,0x000000079ad00000,0x00000007ad180000)
 ParOldGen       total 993280K, used 642488K [0x0000000551200000, 0x000000058dc00000, 0x00000006f0600000)
  object space 993280K, 64% used [0x0000000551200000,0x000000057856e108,0x000000058dc00000)
 Metaspace       used 154858K, capacity 158021K, committed 158168K, reserved 1179648K
  class space    used 26358K, capacity 27253K, committed 27352K, reserved 1048576K
Event: 61.032 GC heap after
Heap after GC invocations=28 (full 5):
 PSYoungGen      total 3084288K, used 291343K [0x00000006f0600000, 0x00000007c0000000, 0x00000007c0000000)
  eden space 2792448K, 0% used [0x00000006f0600000,0x00000006f0600000,0x000000079ad00000)
  from space 291840K, 99% used [0x000000079ad00000,0x00000007ac983f18,0x00000007aca00000)
  to   space 317440K, 0% used [0x00000007aca00000,0x00000007aca00000,0x00000007c0000000)
 ParOldGen       total 993280K, used 642496K [0x0000000551200000, 0x000000058dc00000, 0x00000006f0600000)
  object space 993280K, 64% used [0x0000000551200000,0x0000000578570108,0x000000058dc00000)
 Metaspace       used 154858K, capacity 158021K, committed 158168K, reserved 1179648K
  class space    used 26358K, capacity 27253K, committed 27352K, reserved 1048576K
}
Event: 66.576 GC heap before
{Heap before GC invocations=29 (full 5):
 PSYoungGen      total 3084288K, used 3083791K [0x00000006f0600000, 0x00000007c0000000, 0x00000007c0000000)
  eden space 2792448K, 100% used [0x00000006f0600000,0x000000079ad00000,0x000000079ad00000)
  from space 291840K, 99% used [0x000000079ad00000,0x00000007ac983f18,0x00000007aca00000)
  to   space 317440K, 0% used [0x00000007aca00000,0x00000007aca00000,0x00000007c0000000)
 ParOldGen       total 993280K, used 642496K [0x0000000551200000, 0x000000058dc00000, 0x00000006f0600000)
  object space 993280K, 64% used [0x0000000551200000,0x0000000578570108,0x000000058dc00000)
 Metaspace       used 155978K, capacity 159275K, committed 159576K, reserved 1181696K
  class space    used 26468K, capacity 27414K, committed 27480K, reserved 1048576K
Event: 66.775 GC heap after
Heap after GC invocations=29 (full 5):
 PSYoungGen      total 2853888K, used 317418K [0x00000006f0600000, 0x00000007c0000000, 0x00000007c0000000)
  eden space 2536448K, 0% used [0x00000006f0600000,0x00000006f0600000,0x000000078b300000)
  from space 317440K, 99% used [0x00000007aca00000,0x00000007bfffaac8,0x00000007c0000000)
  to   space 432640K, 0% used [0x000000078b300000,0x000000078b300000,0x00000007a5980000)
 ParOldGen       total 993280K, used 768437K [0x0000000551200000, 0x000000058dc00000, 0x00000006f0600000)
  object space 993280K, 77% used [0x0000000551200000,0x000000058006d5f8,0x000000058dc00000)
 Metaspace       used 155978K, capacity 159275K, committed 159576K, reserved 1181696K
  class space    used 26468K, capacity 27414K, committed 27480K, reserved 1048576K
}
Event: 81.137 GC heap before
{Heap before GC invocations=30 (full 5):
 PSYoungGen      total 2853888K, used 2853866K [0x00000006f0600000, 0x00000007c0000000, 0x00000007c0000000)
  eden space 2536448K, 100% used [0x00000006f0600000,0x000000078b300000,0x000000078b300000)
  from space 317440K, 99% used [0x00000007aca00000,0x00000007bfffaac8,0x00000007c0000000)
  to   space 432640K, 0% used [0x000000078b300000,0x000000078b300000,0x00000007a5980000)
 ParOldGen       total 993280K, used 768437K [0x0000000551200000, 0x000000058dc00000, 0x00000006f0600000)
  object space 993280K, 77% used [0x0000000551200000,0x000000058006d5f8,0x000000058dc00000)
 Metaspace       used 156958K, capacity 160321K, committed 160472K, reserved 1181696K
  class space    used 26573K, capacity 27511K, committed 27608K, reserved 1048576K
Event: 81.387 GC heap after
Heap after GC invocations=30 (full 5):
 PSYoungGen      total 2969088K, used 432621K [0x00000006f0600000, 0x00000007c0000000, 0x00000007c0000000)
  eden space 2536448K, 0% used [0x00000006f0600000,0x00000006f0600000,0x000000078b300000)
  from space 432640K, 99% used [0x000000078b300000,0x00000007a597b598,0x00000007a5980000)
  to   space 432640K, 0% used [0x00000007a5980000,0x00000007a5980000,0x00000007c0000000)
 ParOldGen       total 998912K, used 998619K [0x0000000551200000, 0x000000058e180000, 0x00000006f0600000)
  object space 998912K, 99% used [0x0000000551200000,0x000000058e136c00,0x000000058e180000)
 Metaspace       used 156958K, capacity 160321K, committed 160472K, reserved 1181696K
  class space    used 26573K, capacity 27511K, committed 27608K, reserved 1048576K
}
Event: 81.387 GC heap before
{Heap before GC invocations=31 (full 6):
 PSYoungGen      total 2969088K, used 432621K [0x00000006f0600000, 0x00000007c0000000, 0x00000007c0000000)
  eden space 2536448K, 0% used [0x00000006f0600000,0x00000006f0600000,0x000000078b300000)
  from space 432640K, 99% used [0x000000078b300000,0x00000007a597b598,0x00000007a5980000)
  to   space 432640K, 0% used [0x00000007a5980000,0x00000007a5980000,0x00000007c0000000)
 ParOldGen       total 998912K, used 998619K [0x0000000551200000, 0x000000058e180000, 0x00000006f0600000)
  object space 998912K, 99% used [0x0000000551200000,0x000000058e136c00,0x000000058e180000)
 Metaspace       used 156958K, capacity 160321K, committed 160472K, reserved 1181696K
  class space    used 26573K, capacity 27511K, committed 27608K, reserved 1048576K
Event: 82.844 GC heap after
Heap after GC invocations=31 (full 6):
 PSYoungGen      total 2969088K, used 174961K [0x00000006f0600000, 0x00000007c0000000, 0x00000007c0000000)
  eden space 2536448K, 0% used [0x00000006f0600000,0x00000006f0600000,0x000000078b300000)
  from space 432640K, 40% used [0x000000078b300000,0x0000000795ddc410,0x00000007a5980000)
  to   space 432640K, 0% used [0x00000007a5980000,0x00000007a5980000,0x00000007c0000000)
 ParOldGen       total 1495040K, used 998555K [0x0000000551200000, 0x00000005ac600000, 0x00000006f0600000)
  object space 1495040K, 66% used [0x0000000551200000,0x000000058e126d70,0x00000005ac600000)
 Metaspace       used 156958K, capacity 160321K, committed 160472K, reserved 1181696K
  class space    used 26573K, capacity 27511K, committed 27608K, reserved 1048576K
}

