# JRE version: Java(TM) SE Runtime Environment (8.0_51-b16) (build 1.8.0_51-b16)
# Java VM: Java HotSpot(TM) 64-Bit Server VM (25.51-b03 mixed mode windows-amd64 compressed oops)
Heap:
 PSYoungGen      total 1624064K, used 1153192K [0x0000000729000000, 0x00000007c0000000, 0x00000007c0000000)
  eden space 1228800K, 61% used [0x0000000729000000,0x000000075748d338,0x0000000774000000)
  from space 395264K, 99% used [0x0000000774000000,0x000000078c19ce20,0x000000078c200000)
  to   space 640000K, 0% used [0x0000000798f00000,0x0000000798f00000,0x00000007c0000000)
 ParOldGen       total 1373696K, used 971076K [0x00000005fb000000, 0x000000064ed80000, 0x0000000729000000)
  object space 1373696K, 70% used [0x00000005fb000000,0x0000000636451010,0x000000064ed80000)
 Metaspace       used 158029K, capacity 161515K, committed 161624K, reserved 1183744K
  class space    used 26699K, capacity 27668K, committed 27776K, reserved 1048576K
GC Heap History (10 events):
Event: 78.864 GC heap before
{Heap before GC invocations=37 (full 5):
 PSYoungGen      total 2137600K, used 2137413K [0x0000000729000000, 0x00000007c0000000, 0x00000007c0000000)
  eden space 1835520K, 100% used [0x0000000729000000,0x0000000799080000,0x0000000799080000)
  from space 302080K, 99% used [0x0000000799080000,0x00000007ab751668,0x00000007ab780000)
  to   space 336384K, 0% used [0x00000007ab780000,0x00000007ab780000,0x00000007c0000000)
 ParOldGen       total 913408K, used 624736K [0x00000005fb000000, 0x0000000632c00000, 0x0000000729000000)
  object space 913408K, 68% used [0x00000005fb000000,0x00000006212182d8,0x0000000632c00000)
 Metaspace       used 156168K, capacity 159427K, committed 159576K, reserved 1181696K
  class space    used 26496K, capacity 27442K, committed 27520K, reserved 1048576K
Event: 79.013 GC heap after
Heap after GC invocations=37 (full 5):
 PSYoungGen      total 1986048K, used 336377K [0x0000000729000000, 0x00000007c0000000, 0x00000007c0000000)
  eden space 1649664K, 0% used [0x0000000729000000,0x0000000729000000,0x000000078db00000)
  from space 336384K, 99% used [0x00000007ab780000,0x00000007bfffe638,0x00000007c0000000)
  to   space 412160K, 0% used [0x000000078db00000,0x000000078db00000,0x00000007a6d80000)
 ParOldGen       total 913408K, used 651779K [0x00000005fb000000, 0x0000000632c00000, 0x0000000729000000)
  object space 913408K, 71% used [0x00000005fb000000,0x0000000622c80cc0,0x0000000632c00000)
 Metaspace       used 156168K, capacity 159427K, committed 159576K, reserved 1181696K
  class space    used 26496K, capacity 27442K, committed 27520K, reserved 1048576K
}
Event: 83.142 GC heap before
{Heap before GC invocations=38 (full 5):
 PSYoungGen      total 1986048K, used 1986041K [0x0000000729000000, 0x00000007c0000000, 0x00000007c0000000)
  eden space 1649664K, 100% used [0x0000000729000000,0x000000078db00000,0x000000078db00000)
  from space 336384K, 99% used [0x00000007ab780000,0x00000007bfffe638,0x00000007c0000000)
  to   space 412160K, 0% used [0x000000078db00000,0x000000078db00000,0x00000007a6d80000)
 ParOldGen       total 913408K, used 651779K [0x00000005fb000000, 0x0000000632c00000, 0x0000000729000000)
  object space 913408K, 71% used [0x00000005fb000000,0x0000000622c80cc0,0x0000000632c00000)
 Metaspace       used 156508K, capacity 159793K, committed 160088K, reserved 1181696K
  class space    used 26514K, capacity 27479K, committed 27520K, reserved 1048576K
Event: 83.332 GC heap after
Heap after GC invocations=38 (full 5):
 PSYoungGen      total 2061824K, used 412150K [0x0000000729000000, 0x00000007c0000000, 0x00000007c0000000)
  eden space 1649664K, 0% used [0x0000000729000000,0x0000000729000000,0x000000078db00000)
  from space 412160K, 99% used [0x000000078db00000,0x00000007a6d7da58,0x00000007a6d80000)
  to   space 412160K, 0% used [0x00000007a6d80000,0x00000007a6d80000,0x00000007c0000000)
 ParOldGen       total 913408K, used 757314K [0x00000005fb000000, 0x0000000632c00000, 0x0000000729000000)
  object space 913408K, 82% used [0x00000005fb000000,0x0000000629390998,0x0000000632c00000)
 Metaspace       used 156508K, capacity 159793K, committed 160088K, reserved 1181696K
  class space    used 26514K, capacity 27479K, committed 27520K, reserved 1048576K
}
Event: 98.464 GC heap before
{Heap before GC invocations=39 (full 5):
 PSYoungGen      total 2061824K, used 2061814K [0x0000000729000000, 0x00000007c0000000, 0x00000007c0000000)
  eden space 1649664K, 100% used [0x0000000729000000,0x000000078db00000,0x000000078db00000)
  from space 412160K, 99% used [0x000000078db00000,0x00000007a6d7da58,0x00000007a6d80000)
  to   space 412160K, 0% used [0x00000007a6d80000,0x00000007a6d80000,0x00000007c0000000)
 ParOldGen       total 913408K, used 757314K [0x00000005fb000000, 0x0000000632c00000, 0x0000000729000000)
  object space 913408K, 82% used [0x00000005fb000000,0x0000000629390998,0x0000000632c00000)
 Metaspace       used 157497K, capacity 160903K, committed 161240K, reserved 1183744K
  class space    used 26621K, capacity 27578K, committed 27648K, reserved 1048576K
Event: 98.675 GC heap after
Heap after GC invocations=39 (full 5):
 PSYoungGen      total 1640960K, used 412129K [0x0000000729000000, 0x00000007c0000000, 0x00000007c0000000)
  eden space 1228800K, 0% used [0x0000000729000000,0x0000000729000000,0x0000000774000000)
  from space 412160K, 99% used [0x00000007a6d80000,0x00000007bfff8500,0x00000007c0000000)
  to   space 622592K, 0% used [0x0000000774000000,0x0000000774000000,0x000000079a000000)
 ParOldGen       total 925696K, used 925514K [0x00000005fb000000, 0x0000000633800000, 0x0000000729000000)
  object space 925696K, 99% used [0x00000005fb000000,0x00000006337d2988,0x0000000633800000)
 Metaspace       used 157497K, capacity 160903K, committed 161240K, reserved 1183744K
  class space    used 26621K, capacity 27578K, committed 27648K, reserved 1048576K
}
Event: 98.675 GC heap before
{Heap before GC invocations=40 (full 6):
 PSYoungGen      total 1640960K, used 412129K [0x0000000729000000, 0x00000007c0000000, 0x00000007c0000000)
  eden space 1228800K, 0% used [0x0000000729000000,0x0000000729000000,0x0000000774000000)
  from space 412160K, 99% used [0x00000007a6d80000,0x00000007bfff8500,0x00000007c0000000)
  to   space 622592K, 0% used [0x0000000774000000,0x0000000774000000,0x000000079a000000)
 ParOldGen       total 925696K, used 925514K [0x00000005fb000000, 0x0000000633800000, 0x0000000729000000)
  object space 925696K, 99% used [0x00000005fb000000,0x00000006337d2988,0x0000000633800000)
 Metaspace       used 157497K, capacity 160903K, committed 161240K, reserved 1183744K
  class space    used 26621K, capacity 27578K, committed 27648K, reserved 1048576K
Event: 100.294 GC heap after
Heap after GC invocations=40 (full 6):
 PSYoungGen      total 1640960K, used 183550K [0x0000000729000000, 0x00000007c0000000, 0x00000007c0000000)
  eden space 1228800K, 0% used [0x0000000729000000,0x0000000729000000,0x0000000774000000)
  from space 412160K, 44% used [0x00000007a6d80000,0x00000007b20bf9b8,0x00000007c0000000)
  to   space 622592K, 0% used [0x0000000774000000,0x0000000774000000,0x000000079a000000)
 ParOldGen       total 1373696K, used 925412K [0x00000005fb000000, 0x000000064ed80000, 0x0000000729000000)
  object space 1373696K, 67% used [0x00000005fb000000,0x00000006337b9010,0x000000064ed80000)
 Metaspace       used 157497K, capacity 160903K, committed 161240K, reserved 1183744K
  class space    used 26621K, capacity 27578K, committed 27648K, reserved 1048576K
}
Event: 101.464 GC heap before
{Heap before GC invocations=41 (full 6):
 PSYoungGen      total 1640960K, used 1412350K [0x0000000729000000, 0x00000007c0000000, 0x00000007c0000000)
  eden space 1228800K, 100% used [0x0000000729000000,0x0000000774000000,0x0000000774000000)
  from space 412160K, 44% used [0x00000007a6d80000,0x00000007b20bf9b8,0x00000007c0000000)
  to   space 622592K, 0% used [0x0000000774000000,0x0000000774000000,0x000000079a000000)
 ParOldGen       total 1373696K, used 925412K [0x00000005fb000000, 0x000000064ed80000, 0x0000000729000000)
  object space 1373696K, 67% used [0x00000005fb000000,0x00000006337b9010,0x000000064ed80000)
 Metaspace       used 157517K, capacity 160939K, committed 161240K, reserved 1183744K
  class space    used 26627K, capacity 27580K, committed 27648K, reserved 1048576K
Event: 101.662 GC heap after
Heap after GC invocations=41 (full 6):
 PSYoungGen      total 1624064K, used 394867K [0x0000000729000000, 0x00000007c0000000, 0x00000007c0000000)
  eden space 1228800K, 0% used [0x0000000729000000,0x0000000729000000,0x0000000774000000)
  from space 395264K, 99% used [0x0000000774000000,0x000000078c19ce20,0x000000078c200000)
  to   space 640000K, 0% used [0x0000000798f00000,0x0000000798f00000,0x00000007c0000000)
 ParOldGen       total 1373696K, used 971076K [0x00000005fb000000, 0x000000064ed80000, 0x0000000729000000)
  object space 1373696K, 70% used [0x00000005fb000000,0x0000000636451010,0x000000064ed80000)
 Metaspace       used 157517K, capacity 160939K, committed 161240K, reserved 1183744K
  class space    used 26627K, capacity 27580K, committed 27648K, reserved 1048576K
}

