# JRE version: Java(TM) SE Runtime Environment (8.0_51-b16) (build 1.8.0_51-b16)
# Java VM: Java HotSpot(TM) 64-Bit Server VM (25.51-b03 mixed mode windows-amd64 compressed oops)
Heap:
 PSYoungGen      total 2445312K, used 1747334K [0x00000006f0600000, 0x00000007c0000000, 0x00000007c0000000)
  eden space 2049024K, 79% used [0x00000006f0600000,0x0000000753ea6048,0x000000076d700000)
  from space 396288K, 29% used [0x00000007a7d00000,0x00000007aeebb7b8,0x00000007c0000000)
  to   space 676352K, 0% used [0x000000076d700000,0x000000076d700000,0x0000000796b80000)
 ParOldGen       total 1639424K, used 1088976K [0x0000000551200000, 0x00000005b5300000, 0x00000006f0600000)
  object space 1639424K, 66% used [0x0000000551200000,0x0000000593974088,0x00000005b5300000)
 Metaspace       used 157572K, capacity 161001K, committed 161240K, reserved 1183744K
  class space    used 26647K, capacity 27603K, committed 27648K, reserved 1048576K
GC Heap History (10 events):
Event: 58.379 GC heap before
{Heap before GC invocations=34 (full 5):
 PSYoungGen      total 2680832K, used 2560209K [0x00000006f0600000, 0x00000007a7a80000, 0x00000007c0000000)
  eden space 2416128K, 100% used [0x00000006f0600000,0x0000000783d80000,0x0000000783d80000)
  from space 264704K, 54% used [0x0000000797800000,0x00000007a04b47e0,0x00000007a7a80000)
  to   space 293376K, 0% used [0x0000000783d80000,0x0000000783d80000,0x0000000795c00000)
 ParOldGen       total 937984K, used 590967K [0x0000000551200000, 0x000000058a600000, 0x00000006f0600000)
  object space 937984K, 63% used [0x0000000551200000,0x000000057531dec0,0x000000058a600000)
 Metaspace       used 154681K, capacity 157767K, committed 158040K, reserved 1179648K
  class space    used 26321K, capacity 27210K, committed 27264K, reserved 1048576K
Event: 58.502 GC heap after
Heap after GC invocations=34 (full 5):
 PSYoungGen      total 2709504K, used 281166K [0x00000006f0600000, 0x00000007bdb80000, 0x00000007c0000000)
  eden space 2416128K, 0% used [0x00000006f0600000,0x00000006f0600000,0x0000000783d80000)
  from space 293376K, 95% used [0x0000000783d80000,0x00000007950138c8,0x0000000795c00000)
  to   space 333824K, 0% used [0x00000007a9580000,0x00000007a9580000,0x00000007bdb80000)
 ParOldGen       total 937984K, used 590975K [0x0000000551200000, 0x000000058a600000, 0x00000006f0600000)
  object space 937984K, 63% used [0x0000000551200000,0x000000057531fec0,0x000000058a600000)
 Metaspace       used 154681K, capacity 157767K, committed 158040K, reserved 1179648K
  class space    used 26321K, capacity 27210K, committed 27264K, reserved 1048576K
}
Event: 62.472 GC heap before
{Heap before GC invocations=35 (full 5):
 PSYoungGen      total 2709504K, used 2697294K [0x00000006f0600000, 0x00000007bdb80000, 0x00000007c0000000)
  eden space 2416128K, 100% used [0x00000006f0600000,0x0000000783d80000,0x0000000783d80000)
  from space 293376K, 95% used [0x0000000783d80000,0x00000007950138c8,0x0000000795c00000)
  to   space 333824K, 0% used [0x00000007a9580000,0x00000007a9580000,0x00000007bdb80000)
 ParOldGen       total 937984K, used 590975K [0x0000000551200000, 0x000000058a600000, 0x00000006f0600000)
  object space 937984K, 63% used [0x0000000551200000,0x000000057531fec0,0x000000058a600000)
 Metaspace       used 155168K, capacity 158333K, committed 158680K, reserved 1181696K
  class space    used 26389K, capacity 27289K, committed 27392K, reserved 1048576K
Event: 62.632 GC heap after
Heap after GC invocations=35 (full 5):
 PSYoungGen      total 2942976K, used 333813K [0x00000006f0600000, 0x00000007c0000000, 0x00000007c0000000)
  eden space 2609152K, 0% used [0x00000006f0600000,0x00000006f0600000,0x000000078fa00000)
  from space 333824K, 99% used [0x00000007a9580000,0x00000007bdb7d640,0x00000007bdb80000)
  to   space 396288K, 0% used [0x000000078fa00000,0x000000078fa00000,0x00000007a7d00000)
 ParOldGen       total 937984K, used 619974K [0x0000000551200000, 0x000000058a600000, 0x00000006f0600000)
  object space 937984K, 66% used [0x0000000551200000,0x0000000576f71a88,0x000000058a600000)
 Metaspace       used 155168K, capacity 158333K, committed 158680K, reserved 1181696K
  class space    used 26389K, capacity 27289K, committed 27392K, reserved 1048576K
}
Event: 67.910 GC heap before
{Heap before GC invocations=36 (full 5):
 PSYoungGen      total 2942976K, used 2942965K [0x00000006f0600000, 0x00000007c0000000, 0x00000007c0000000)
  eden space 2609152K, 100% used [0x00000006f0600000,0x000000078fa00000,0x000000078fa00000)
  from space 333824K, 99% used [0x00000007a9580000,0x00000007bdb7d640,0x00000007bdb80000)
  to   space 396288K, 0% used [0x000000078fa00000,0x000000078fa00000,0x00000007a7d00000)
 ParOldGen       total 937984K, used 619974K [0x0000000551200000, 0x000000058a600000, 0x00000006f0600000)
  object space 937984K, 66% used [0x0000000551200000,0x0000000576f71a88,0x000000058a600000)
 Metaspace       used 156029K, capacity 159279K, committed 159576K, reserved 1181696K
  class space    used 26462K, capacity 27414K, committed 27520K, reserved 1048576K
Event: 68.108 GC heap after
Heap after GC invocations=36 (full 5):
 PSYoungGen      total 3005440K, used 396262K [0x00000006f0600000, 0x00000007c0000000, 0x00000007c0000000)
  eden space 2609152K, 0% used [0x00000006f0600000,0x00000006f0600000,0x000000078fa00000)
  from space 396288K, 99% used [0x000000078fa00000,0x00000007a7cf98f0,0x00000007a7d00000)
  to   space 396288K, 0% used [0x00000007a7d00000,0x00000007a7d00000,0x00000007c0000000)
 ParOldGen       total 937984K, used 721772K [0x0000000551200000, 0x000000058a600000, 0x00000006f0600000)
  object space 937984K, 76% used [0x0000000551200000,0x000000057d2db268,0x000000058a600000)
 Metaspace       used 156029K, capacity 159279K, committed 159576K, reserved 1181696K
  class space    used 26462K, capacity 27414K, committed 27520K, reserved 1048576K
}
Event: 82.002 GC heap before
{Heap before GC invocations=37 (full 5):
 PSYoungGen      total 3005440K, used 3005414K [0x00000006f0600000, 0x00000007c0000000, 0x00000007c0000000)
  eden space 2609152K, 100% used [0x00000006f0600000,0x000000078fa00000,0x000000078fa00000)
  from space 396288K, 99% used [0x000000078fa00000,0x00000007a7cf98f0,0x00000007a7d00000)
  to   space 396288K, 0% used [0x00000007a7d00000,0x00000007a7d00000,0x00000007c0000000)
 ParOldGen       total 937984K, used 721772K [0x0000000551200000, 0x000000058a600000, 0x00000006f0600000)
  object space 937984K, 76% used [0x0000000551200000,0x000000057d2db268,0x000000058a600000)
 Metaspace       used 157149K, capacity 160547K, committed 160600K, reserved 1181696K
  class space    used 26582K, capacity 27518K, committed 27520K, reserved 1048576K
Event: 82.261 GC heap after
Heap after GC invocations=37 (full 5):
 PSYoungGen      total 2445312K, used 396283K [0x00000006f0600000, 0x00000007c0000000, 0x00000007c0000000)
  eden space 2049024K, 0% used [0x00000006f0600000,0x00000006f0600000,0x000000076d700000)
  from space 396288K, 99% used [0x00000007a7d00000,0x00000007bfffef48,0x00000007c0000000)
  to   space 676352K, 0% used [0x000000076d700000,0x000000076d700000,0x0000000796b80000)
 ParOldGen       total 1089024K, used 1088873K [0x0000000551200000, 0x0000000593980000, 0x00000006f0600000)
  object space 1089024K, 99% used [0x0000000551200000,0x000000059395a540,0x0000000593980000)
 Metaspace       used 157149K, capacity 160547K, committed 160600K, reserved 1181696K
  class space    used 26582K, capacity 27518K, committed 27520K, reserved 1048576K
}
Event: 82.261 GC heap before
{Heap before GC invocations=38 (full 6):
 PSYoungGen      total 2445312K, used 396283K [0x00000006f0600000, 0x00000007c0000000, 0x00000007c0000000)
  eden space 2049024K, 0% used [0x00000006f0600000,0x00000006f0600000,0x000000076d700000)
  from space 396288K, 99% used [0x00000007a7d00000,0x00000007bfffef48,0x00000007c0000000)
  to   space 676352K, 0% used [0x000000076d700000,0x000000076d700000,0x0000000796b80000)
 ParOldGen       total 1089024K, used 1088873K [0x0000000551200000, 0x0000000593980000, 0x00000006f0600000)
  object space 1089024K, 99% used [0x0000000551200000,0x000000059395a540,0x0000000593980000)
 Metaspace       used 157149K, capacity 160547K, committed 160600K, reserved 1181696K
  class space    used 26582K, capacity 27518K, committed 27520K, reserved 1048576K
Event: 83.765 GC heap after
Heap after GC invocations=38 (full 6):
 PSYoungGen      total 2445312K, used 116461K [0x00000006f0600000, 0x00000007c0000000, 0x00000007c0000000)
  eden space 2049024K, 0% used [0x00000006f0600000,0x00000006f0600000,0x000000076d700000)
  from space 396288K, 29% used [0x00000007a7d00000,0x00000007aeebb7b8,0x00000007c0000000)
  to   space 676352K, 0% used [0x000000076d700000,0x000000076d700000,0x0000000796b80000)
 ParOldGen       total 1639424K, used 1088976K [0x0000000551200000, 0x00000005b5300000, 0x00000006f0600000)
  object space 1639424K, 66% used [0x0000000551200000,0x0000000593974088,0x00000005b5300000)
 Metaspace       used 157149K, capacity 160547K, committed 160600K, reserved 1181696K
  class space    used 26582K, capacity 27518K, committed 27520K, reserved 1048576K
}

