# JRE version: Java(TM) SE Runtime Environment (8.0_51-b16) (build 1.8.0_51-b16)
# Java VM: Java HotSpot(TM) 64-Bit Server VM (25.51-b03 mixed mode windows-amd64 compressed oops)
Heap:
 PSYoungGen      total 1592832K, used 850398K [0x0000000729000000, 0x00000007c0000000, 0x00000007c0000000)
  eden space 1088512K, 31% used [0x0000000729000000,0x000000073e21a888,0x000000076b700000)
  from space 504320K, 99% used [0x000000076b700000,0x000000078a35cfb8,0x000000078a380000)
  to   space 738816K, 0% used [0x0000000792e80000,0x0000000792e80000,0x00000007c0000000)
 ParOldGen       total 1439744K, used 916885K [0x00000005fb000000, 0x0000000652e00000, 0x0000000729000000)
  object space 1439744K, 63% used [0x00000005fb000000,0x0000000632f65508,0x0000000652e00000)
 Metaspace       used 158033K, capacity 161575K, committed 161920K, reserved 1183744K
  class space    used 26702K, capacity 27668K, committed 27776K, reserved 1048576K
GC Heap History (10 events):
Event: 74.420 GC heap before
{Heap before GC invocations=37 (full 5):
 PSYoungGen      total 2138624K, used 2138225K [0x0000000729000000, 0x00000007c0000000, 0x00000007c0000000)
  eden space 1828864K, 100% used [0x0000000729000000,0x0000000798a00000,0x0000000798a00000)
  from space 309760K, 99% used [0x0000000798a00000,0x00000007ab81c780,0x00000007ab880000)
  to   space 335360K, 0% used [0x00000007ab880000,0x00000007ab880000,0x00000007c0000000)
 ParOldGen       total 850432K, used 492025K [0x00000005fb000000, 0x000000062ee80000, 0x0000000729000000)
  object space 850432K, 57% used [0x00000005fb000000,0x000000061907e668,0x000000062ee80000)
 Metaspace       used 156456K, capacity 159789K, committed 159872K, reserved 1181696K
  class space    used 26517K, capacity 27479K, committed 27520K, reserved 1048576K
Event: 74.591 GC heap after
Heap after GC invocations=37 (full 5):
 PSYoungGen      total 1927680K, used 335359K [0x0000000729000000, 0x00000007c0000000, 0x00000007c0000000)
  eden space 1592320K, 0% used [0x0000000729000000,0x0000000729000000,0x000000078a300000)
  from space 335360K, 99% used [0x00000007ab880000,0x00000007bfffff58,0x00000007c0000000)
  to   space 440832K, 0% used [0x000000078a300000,0x000000078a300000,0x00000007a5180000)
 ParOldGen       total 850432K, used 566091K [0x00000005fb000000, 0x000000062ee80000, 0x0000000729000000)
  object space 850432K, 66% used [0x00000005fb000000,0x000000061d8d2e88,0x000000062ee80000)
 Metaspace       used 156456K, capacity 159789K, committed 159872K, reserved 1181696K
  class space    used 26517K, capacity 27479K, committed 27520K, reserved 1048576K
}
Event: 78.140 GC heap before
{Heap before GC invocations=38 (full 5):
 PSYoungGen      total 1927680K, used 1927679K [0x0000000729000000, 0x00000007c0000000, 0x00000007c0000000)
  eden space 1592320K, 100% used [0x0000000729000000,0x000000078a300000,0x000000078a300000)
  from space 335360K, 99% used [0x00000007ab880000,0x00000007bfffff58,0x00000007c0000000)
  to   space 440832K, 0% used [0x000000078a300000,0x000000078a300000,0x00000007a5180000)
 ParOldGen       total 850432K, used 566091K [0x00000005fb000000, 0x000000062ee80000, 0x0000000729000000)
  object space 850432K, 66% used [0x00000005fb000000,0x000000061d8d2e88,0x000000062ee80000)
 Metaspace       used 156471K, capacity 159789K, committed 159872K, reserved 1181696K
  class space    used 26517K, capacity 27479K, committed 27520K, reserved 1048576K
Event: 78.323 GC heap after
Heap after GC invocations=38 (full 5):
 PSYoungGen      total 2033152K, used 440822K [0x0000000729000000, 0x00000007c0000000, 0x00000007c0000000)
  eden space 1592320K, 0% used [0x0000000729000000,0x0000000729000000,0x000000078a300000)
  from space 440832K, 99% used [0x000000078a300000,0x00000007a517d8c0,0x00000007a5180000)
  to   space 440832K, 0% used [0x00000007a5180000,0x00000007a5180000,0x00000007c0000000)
 ParOldGen       total 850432K, used 637514K [0x00000005fb000000, 0x000000062ee80000, 0x0000000729000000)
  object space 850432K, 74% used [0x00000005fb000000,0x0000000621e92a30,0x000000062ee80000)
 Metaspace       used 156471K, capacity 159789K, committed 159872K, reserved 1181696K
  class space    used 26517K, capacity 27479K, committed 27520K, reserved 1048576K
}
Event: 91.435 GC heap before
{Heap before GC invocations=39 (full 5):
 PSYoungGen      total 2033152K, used 2033142K [0x0000000729000000, 0x00000007c0000000, 0x00000007c0000000)
  eden space 1592320K, 100% used [0x0000000729000000,0x000000078a300000,0x000000078a300000)
  from space 440832K, 99% used [0x000000078a300000,0x00000007a517d8c0,0x00000007a5180000)
  to   space 440832K, 0% used [0x00000007a5180000,0x00000007a5180000,0x00000007c0000000)
 ParOldGen       total 850432K, used 637514K [0x00000005fb000000, 0x000000062ee80000, 0x0000000729000000)
  object space 850432K, 74% used [0x00000005fb000000,0x0000000621e92a30,0x000000062ee80000)
 Metaspace       used 157492K, capacity 160925K, committed 161024K, reserved 1183744K
  class space    used 26631K, capacity 27581K, committed 27648K, reserved 1048576K
Event: 91.703 GC heap after
Heap after GC invocations=39 (full 5):
 PSYoungGen      total 1529344K, used 440801K [0x0000000729000000, 0x00000007c0000000, 0x00000007c0000000)
  eden space 1088512K, 0% used [0x0000000729000000,0x0000000729000000,0x000000076b700000)
  from space 440832K, 99% used [0x00000007a5180000,0x00000007bfff8660,0x00000007c0000000)
  to   space 692736K, 0% used [0x000000076b700000,0x000000076b700000,0x0000000795b80000)
 ParOldGen       total 916992K, used 916699K [0x00000005fb000000, 0x0000000632f80000, 0x0000000729000000)
  object space 916992K, 99% used [0x00000005fb000000,0x0000000632f36ec8,0x0000000632f80000)
 Metaspace       used 157492K, capacity 160925K, committed 161024K, reserved 1183744K
  class space    used 26631K, capacity 27581K, committed 27648K, reserved 1048576K
}
Event: 91.703 GC heap before
{Heap before GC invocations=40 (full 6):
 PSYoungGen      total 1529344K, used 440801K [0x0000000729000000, 0x00000007c0000000, 0x00000007c0000000)
  eden space 1088512K, 0% used [0x0000000729000000,0x0000000729000000,0x000000076b700000)
  from space 440832K, 99% used [0x00000007a5180000,0x00000007bfff8660,0x00000007c0000000)
  to   space 692736K, 0% used [0x000000076b700000,0x000000076b700000,0x0000000795b80000)
 ParOldGen       total 916992K, used 916699K [0x00000005fb000000, 0x0000000632f80000, 0x0000000729000000)
  object space 916992K, 99% used [0x00000005fb000000,0x0000000632f36ec8,0x0000000632f80000)
 Metaspace       used 157492K, capacity 160925K, committed 161024K, reserved 1183744K
  class space    used 26631K, capacity 27581K, committed 27648K, reserved 1048576K
Event: 93.501 GC heap after
Heap after GC invocations=40 (full 6):
 PSYoungGen      total 1529344K, used 288901K [0x0000000729000000, 0x00000007c0000000, 0x00000007c0000000)
  eden space 1088512K, 0% used [0x0000000729000000,0x0000000729000000,0x000000076b700000)
  from space 440832K, 65% used [0x00000007a5180000,0x00000007b6ba14a8,0x00000007c0000000)
  to   space 692736K, 0% used [0x000000076b700000,0x000000076b700000,0x0000000795b80000)
 ParOldGen       total 1439744K, used 916877K [0x00000005fb000000, 0x0000000652e00000, 0x0000000729000000)
  object space 1439744K, 63% used [0x00000005fb000000,0x0000000632f63508,0x0000000652e00000)
 Metaspace       used 157492K, capacity 160925K, committed 161024K, reserved 1183744K
  class space    used 26631K, capacity 27581K, committed 27648K, reserved 1048576K
}
Event: 94.619 GC heap before
{Heap before GC invocations=41 (full 6):
 PSYoungGen      total 1529344K, used 1377413K [0x0000000729000000, 0x00000007c0000000, 0x00000007c0000000)
  eden space 1088512K, 100% used [0x0000000729000000,0x000000076b700000,0x000000076b700000)
  from space 440832K, 65% used [0x00000007a5180000,0x00000007b6ba14a8,0x00000007c0000000)
  to   space 692736K, 0% used [0x000000076b700000,0x000000076b700000,0x0000000795b80000)
 ParOldGen       total 1439744K, used 916877K [0x00000005fb000000, 0x0000000652e00000, 0x0000000729000000)
  object space 1439744K, 63% used [0x00000005fb000000,0x0000000632f63508,0x0000000652e00000)
 Metaspace       used 157519K, capacity 160983K, committed 161024K, reserved 1183744K
  class space    used 26641K, capacity 27616K, committed 27648K, reserved 1048576K
Event: 94.799 GC heap after
Heap after GC invocations=41 (full 6):
 PSYoungGen      total 1592832K, used 504179K [0x0000000729000000, 0x00000007c0000000, 0x00000007c0000000)
  eden space 1088512K, 0% used [0x0000000729000000,0x0000000729000000,0x000000076b700000)
  from space 504320K, 99% used [0x000000076b700000,0x000000078a35cfb8,0x000000078a380000)
  to   space 738816K, 0% used [0x0000000792e80000,0x0000000792e80000,0x00000007c0000000)
 ParOldGen       total 1439744K, used 916885K [0x00000005fb000000, 0x0000000652e00000, 0x0000000729000000)
  object space 1439744K, 63% used [0x00000005fb000000,0x0000000632f65508,0x0000000652e00000)
 Metaspace       used 157519K, capacity 160983K, committed 161024K, reserved 1183744K
  class space    used 26641K, capacity 27616K, committed 27648K, reserved 1048576K
}

