# JRE version: Java(TM) SE Runtime Environment (8.0_51-b16) (build 1.8.0_51-b16)
# Java VM: Java HotSpot(TM) 64-Bit Server VM (25.51-b03 mixed mode windows-amd64 compressed oops)
Heap:
 PSYoungGen      total 1823744K, used 1313019K [0x0000000729000000, 0x00000007c0000000, 0x00000007c0000000)
  eden space 1268736K, 77% used [0x0000000729000000,0x000000076554e148,0x0000000776700000)
  from space 555008K, 58% used [0x0000000776700000,0x000000078a3f0c90,0x0000000798500000)
  to   space 650240K, 0% used [0x0000000798500000,0x0000000798500000,0x00000007c0000000)
 ParOldGen       total 1416704K, used 961866K [0x00000005fb000000, 0x0000000651780000, 0x0000000729000000)
  object space 1416704K, 67% used [0x00000005fb000000,0x0000000635b529f8,0x0000000651780000)
 Metaspace       used 158017K, capacity 161515K, committed 161624K, reserved 1183744K
  class space    used 26699K, capacity 27668K, committed 27776K, reserved 1048576K
GC Heap History (10 events):
Event: 70.729 GC heap before
{Heap before GC invocations=37 (full 5):
 PSYoungGen      total 2141696K, used 2141691K [0x0000000729000000, 0x00000007c0000000, 0x00000007c0000000)
  eden space 1809408K, 100% used [0x0000000729000000,0x0000000797700000,0x0000000797700000)
  from space 332288K, 99% used [0x0000000797700000,0x00000007abb7efb8,0x00000007abb80000)
  to   space 332288K, 0% used [0x00000007abb80000,0x00000007abb80000,0x00000007c0000000)
 ParOldGen       total 932864K, used 594056K [0x00000005fb000000, 0x0000000633f00000, 0x0000000729000000)
  object space 932864K, 63% used [0x00000005fb000000,0x000000061f422198,0x0000000633f00000)
 Metaspace       used 156115K, capacity 159375K, committed 159576K, reserved 1181696K
  class space    used 26488K, capacity 27432K, committed 27520K, reserved 1048576K
Event: 70.897 GC heap after
Heap after GC invocations=37 (full 5):
 PSYoungGen      total 1908224K, used 332263K [0x0000000729000000, 0x00000007c0000000, 0x00000007c0000000)
  eden space 1575936K, 0% used [0x0000000729000000,0x0000000729000000,0x0000000789300000)
  from space 332288K, 99% used [0x00000007abb80000,0x00000007bfff9f78,0x00000007c0000000)
  to   space 449024K, 0% used [0x0000000789300000,0x0000000789300000,0x00000007a4980000)
 ParOldGen       total 932864K, used 658264K [0x00000005fb000000, 0x0000000633f00000, 0x0000000729000000)
  object space 932864K, 70% used [0x00000005fb000000,0x00000006232d6358,0x0000000633f00000)
 Metaspace       used 156115K, capacity 159375K, committed 159576K, reserved 1181696K
  class space    used 26488K, capacity 27432K, committed 27520K, reserved 1048576K
}
Event: 74.790 GC heap before
{Heap before GC invocations=38 (full 5):
 PSYoungGen      total 1908224K, used 1908199K [0x0000000729000000, 0x00000007c0000000, 0x00000007c0000000)
  eden space 1575936K, 100% used [0x0000000729000000,0x0000000789300000,0x0000000789300000)
  from space 332288K, 99% used [0x00000007abb80000,0x00000007bfff9f78,0x00000007c0000000)
  to   space 449024K, 0% used [0x0000000789300000,0x0000000789300000,0x00000007a4980000)
 ParOldGen       total 932864K, used 658264K [0x00000005fb000000, 0x0000000633f00000, 0x0000000729000000)
  object space 932864K, 70% used [0x00000005fb000000,0x00000006232d6358,0x0000000633f00000)
 Metaspace       used 156492K, capacity 159793K, committed 160088K, reserved 1181696K
  class space    used 26514K, capacity 27479K, committed 27520K, reserved 1048576K
Event: 74.960 GC heap after
Heap after GC invocations=38 (full 5):
 PSYoungGen      total 1997312K, used 421207K [0x0000000729000000, 0x00000007c0000000, 0x00000007c0000000)
  eden space 1575936K, 0% used [0x0000000729000000,0x0000000729000000,0x0000000789300000)
  from space 421376K, 99% used [0x0000000789300000,0x00000007a2e55f28,0x00000007a2e80000)
  to   space 476672K, 0% used [0x00000007a2e80000,0x00000007a2e80000,0x00000007c0000000)
 ParOldGen       total 932864K, used 728040K [0x00000005fb000000, 0x0000000633f00000, 0x0000000729000000)
  object space 932864K, 78% used [0x00000005fb000000,0x00000006276fa220,0x0000000633f00000)
 Metaspace       used 156492K, capacity 159793K, committed 160088K, reserved 1181696K
  class space    used 26514K, capacity 27479K, committed 27520K, reserved 1048576K
}
Event: 89.830 GC heap before
{Heap before GC invocations=39 (full 5):
 PSYoungGen      total 1997312K, used 1997143K [0x0000000729000000, 0x00000007c0000000, 0x00000007c0000000)
  eden space 1575936K, 100% used [0x0000000729000000,0x0000000789300000,0x0000000789300000)
  from space 421376K, 99% used [0x0000000789300000,0x00000007a2e55f28,0x00000007a2e80000)
  to   space 476672K, 0% used [0x00000007a2e80000,0x00000007a2e80000,0x00000007c0000000)
 ParOldGen       total 932864K, used 728040K [0x00000005fb000000, 0x0000000633f00000, 0x0000000729000000)
  object space 932864K, 78% used [0x00000005fb000000,0x00000006276fa220,0x0000000633f00000)
 Metaspace       used 157470K, capacity 160877K, committed 160984K, reserved 1183744K
  class space    used 26615K, capacity 27573K, committed 27648K, reserved 1048576K
Event: 90.015 GC heap after
Heap after GC invocations=39 (full 5):
 PSYoungGen      total 1745408K, used 476652K [0x0000000729000000, 0x00000007c0000000, 0x00000007c0000000)
  eden space 1268736K, 0% used [0x0000000729000000,0x0000000729000000,0x0000000776700000)
  from space 476672K, 99% used [0x00000007a2e80000,0x00000007bfffb328,0x00000007c0000000)
  to   space 602624K, 0% used [0x0000000776700000,0x0000000776700000,0x000000079b380000)
 ParOldGen       total 932864K, used 793182K [0x00000005fb000000, 0x0000000633f00000, 0x0000000729000000)
  object space 932864K, 85% used [0x00000005fb000000,0x000000062b697810,0x0000000633f00000)
 Metaspace       used 157470K, capacity 160877K, committed 160984K, reserved 1183744K
  class space    used 26615K, capacity 27573K, committed 27648K, reserved 1048576K
}
Event: 91.263 GC heap before
{Heap before GC invocations=40 (full 5):
 PSYoungGen      total 1745408K, used 1745388K [0x0000000729000000, 0x00000007c0000000, 0x00000007c0000000)
  eden space 1268736K, 100% used [0x0000000729000000,0x0000000776700000,0x0000000776700000)
  from space 476672K, 99% used [0x00000007a2e80000,0x00000007bfffb328,0x00000007c0000000)
  to   space 602624K, 0% used [0x0000000776700000,0x0000000776700000,0x000000079b380000)
 ParOldGen       total 932864K, used 793182K [0x00000005fb000000, 0x0000000633f00000, 0x0000000729000000)
  object space 932864K, 85% used [0x00000005fb000000,0x000000062b697810,0x0000000633f00000)
 Metaspace       used 157587K, capacity 160993K, committed 161240K, reserved 1183744K
  class space    used 26630K, capacity 27581K, committed 27648K, reserved 1048576K
Event: 91.485 GC heap after
Heap after GC invocations=40 (full 5):
 PSYoungGen      total 1823744K, used 554525K [0x0000000729000000, 0x00000007c0000000, 0x00000007c0000000)
  eden space 1268736K, 0% used [0x0000000729000000,0x0000000729000000,0x0000000776700000)
  from space 555008K, 99% used [0x0000000776700000,0x0000000798487768,0x0000000798500000)
  to   space 650240K, 0% used [0x0000000798500000,0x0000000798500000,0x00000007c0000000)
 ParOldGen       total 962048K, used 961981K [0x00000005fb000000, 0x0000000635b80000, 0x0000000729000000)
  object space 962048K, 99% used [0x00000005fb000000,0x0000000635b6f718,0x0000000635b80000)
 Metaspace       used 157587K, capacity 160993K, committed 161240K, reserved 1183744K
  class space    used 26630K, capacity 27581K, committed 27648K, reserved 1048576K
}
Event: 91.485 GC heap before
{Heap before GC invocations=41 (full 6):
 PSYoungGen      total 1823744K, used 554525K [0x0000000729000000, 0x00000007c0000000, 0x00000007c0000000)
  eden space 1268736K, 0% used [0x0000000729000000,0x0000000729000000,0x0000000776700000)
  from space 555008K, 99% used [0x0000000776700000,0x0000000798487768,0x0000000798500000)
  to   space 650240K, 0% used [0x0000000798500000,0x0000000798500000,0x00000007c0000000)
 ParOldGen       total 962048K, used 961981K [0x00000005fb000000, 0x0000000635b80000, 0x0000000729000000)
  object space 962048K, 99% used [0x00000005fb000000,0x0000000635b6f718,0x0000000635b80000)
 Metaspace       used 157587K, capacity 160993K, committed 161240K, reserved 1183744K
  class space    used 26630K, capacity 27581K, committed 27648K, reserved 1048576K
Event: 93.256 GC heap after
Heap after GC invocations=41 (full 6):
 PSYoungGen      total 1823744K, used 324547K [0x0000000729000000, 0x00000007c0000000, 0x00000007c0000000)
  eden space 1268736K, 0% used [0x0000000729000000,0x0000000729000000,0x0000000776700000)
  from space 555008K, 58% used [0x0000000776700000,0x000000078a3f0c90,0x0000000798500000)
  to   space 650240K, 0% used [0x0000000798500000,0x0000000798500000,0x00000007c0000000)
 ParOldGen       total 1416704K, used 961866K [0x00000005fb000000, 0x0000000651780000, 0x0000000729000000)
  object space 1416704K, 67% used [0x00000005fb000000,0x0000000635b529f8,0x0000000651780000)
 Metaspace       used 157587K, capacity 160993K, committed 161240K, reserved 1183744K
  class space    used 26630K, capacity 27581K, committed 27648K, reserved 1048576K
}

